<?xml version="1.0" encoding="UTF-8"?>
<!-- Generated by org.testng.reporters.JUnitReportReporter -->
<testsuite skipped="1" hostname="PC-13" name="com.terralogic.framework.FlipkartWorking" tests="2" failures="0" timestamp="27 Dec 2018 09:59:18 GMT" time="0.159" errors="1">
  <testcase name="setup" time="0.159" classname="com.terralogic.framework.FlipkartWorking">
    <error type="java.lang.NoSuchMethodError" message="org.openqa.selenium.remote.http.HttpClient$Factory.createDefault()Lorg/openqa/selenium/remote/http/HttpClient$Factory;">
      <![CDATA[java.lang.NoSuchMethodError: org.openqa.selenium.remote.http.HttpClient$Factory.createDefault()Lorg/openqa/selenium/remote/http/HttpClient$Factory;
at io.appium.java_client.remote.AppiumCommandExecutor.<init>(AppiumCommandExecutor.java:92)
at io.appium.java_client.AppiumDriver.<init>(AppiumDriver.java:93)
at io.appium.java_client.android.AndroidDriver.<init>(AndroidDriver.java:88)
at com.terralogic.framework.FlipkartWorking.setup(FlipkartWorking.java:59)
at sun.reflect.NativeMethodAccessorImpl.invoke0(Native Method)
at sun.reflect.NativeMethodAccessorImpl.invoke(NativeMethodAccessorImpl.java:62)
at sun.reflect.DelegatingMethodAccessorImpl.invoke(DelegatingMethodAccessorImpl.java:43)
at java.lang.reflect.Method.invoke(Method.java:498)
at org.testng.internal.MethodInvocationHelper.invokeMethod(MethodInvocationHelper.java:124)
at org.testng.internal.MethodInvocationHelper.invokeMethodConsideringTimeout(MethodInvocationHelper.java:59)
at org.testng.internal.Invoker.invokeConfigurationMethod(Invoker.java:455)
at org.testng.internal.Invoker.invokeConfigurations(Invoker.java:222)
at org.testng.internal.Invoker.invokeConfigurations(Invoker.java:142)
at org.testng.TestRunner.beforeRun(TestRunner.java:529)
at org.testng.TestRunner.run(TestRunner.java:497)
at org.testng.SuiteRunner.runTest(SuiteRunner.java:455)
at org.testng.SuiteRunner.runSequentially(SuiteRunner.java:450)
at org.testng.SuiteRunner.privateRun(SuiteRunner.java:415)
at org.testng.SuiteRunner.run(SuiteRunner.java:364)
at org.testng.SuiteRunnerWorker.runSuite(SuiteRunnerWorker.java:52)
at org.testng.SuiteRunnerWorker.run(SuiteRunnerWorker.java:84)
at org.testng.TestNG.runSuitesSequentially(TestNG.java:1208)
at org.testng.TestNG.runSuitesLocally(TestNG.java:1137)
at org.testng.TestNG.runSuites(TestNG.java:1049)
at org.testng.TestNG.run(TestNG.java:1017)
at org.testng.remote.AbstractRemoteTestNG.run(AbstractRemoteTestNG.java:114)
at org.testng.remote.RemoteTestNG.initAndRun(RemoteTestNG.java:251)
at org.testng.remote.RemoteTestNG.main(RemoteTestNG.java:77)
]]>
    </error>
  </testcase> <!-- setup -->
  <testcase name="hello" time="0.000" classname="com.terralogic.framework.FlipkartWorking">
    <skipped/>
  </testcase> <!-- hello -->
</testsuite> <!-- com.terralogic.framework.FlipkartWorking -->
