<?xml version="1.0" encoding="UTF-8"?>
<testng-results skipped="0" failed="1" ignored="0" total="2" passed="1">
  <reporter-output>
  </reporter-output>
  <suite name="Default suite" duration-ms="139706" started-at="2019-01-01T12:27:56Z" finished-at="2019-01-01T12:30:16Z">
    <groups>
    </groups>
    <test name="Default test" duration-ms="139706" started-at="2019-01-01T12:27:56Z" finished-at="2019-01-01T12:30:16Z">
      <class name="com.yg.mobileTestcase.MedukoTestCase">
        <test-method status="PASS" signature="setDesiredCapability()[pri:0, instance:com.yg.mobileTestcase.MedukoTestCase@3712b94]" name="setDesiredCapability" is-config="true" duration-ms="22984" started-at="2019-01-01T12:27:56Z" finished-at="2019-01-01T12:28:19Z">
          <reporter-output>
          </reporter-output>
        </test-method> <!-- setDesiredCapability -->
        <test-method status="FAIL" signature="checkNotificationBtn()[pri:0, instance:com.yg.mobileTestcase.MedukoTestCase@3712b94]" name="checkNotificationBtn" duration-ms="80624" started-at="2019-01-01T12:28:19Z" finished-at="2019-01-01T12:29:40Z">
          <exception class="org.openqa.selenium.NoSuchElementException">
            <message>
              <![CDATA[An element could not be located on the page using the given search parameters.
For documentation on this error, please visit: http://seleniumhq.org/exceptions/no_such_element.html
Build info: version: '3.12.0', revision: '7c6e0b3', time: '2018-05-08T14:04:26.12Z'
System info: host: 'PC-13', ip: '127.0.1.1', os.name: 'Linux', os.arch: 'amd64', os.version: '4.4.0-139-generic', java.version: '1.8.0_181'
Driver info: io.appium.java_client.AppiumDriver
Capabilities {app: /home/terralogic/Downloads/..., appActivity: com.medkumo.healthsolutions..., appPackage: com.medkumo.healthsolutions, databaseEnabled: false, desired: {app: /home/terralogic/Downloads/..., appActivity: com.medkumo.healthsolutions..., appPackage: com.medkumo.healthsolutions, deviceName: 3300838e1b61b237, platformName: android, platformVersion: 6.0}, deviceManufacturer: samsung, deviceModel: SM-J700F, deviceName: 3300838e1b61b237, deviceScreenSize: 720x1280, deviceUDID: 3300838e1b61b237, javascriptEnabled: true, locationContextEnabled: false, networkConnectionEnabled: true, platform: LINUX, platformName: LINUX, platformVersion: 6.0.1, takesScreenshot: true, warnings: {}, webStorageEnabled: false}
Session ID: a32f9a0c-3ac1-4c30-933d-1aaade122779
*** Element info: {Using=id, value=com.medkumo.healthsolutions:id/bookAppointment}]]>
            </message>
            <full-stacktrace>
              <![CDATA[org.openqa.selenium.NoSuchElementException: An element could not be located on the page using the given search parameters.
For documentation on this error, please visit: http://seleniumhq.org/exceptions/no_such_element.html
Build info: version: '3.12.0', revision: '7c6e0b3', time: '2018-05-08T14:04:26.12Z'
System info: host: 'PC-13', ip: '127.0.1.1', os.name: 'Linux', os.arch: 'amd64', os.version: '4.4.0-139-generic', java.version: '1.8.0_181'
Driver info: io.appium.java_client.AppiumDriver
Capabilities {app: /home/terralogic/Downloads/..., appActivity: com.medkumo.healthsolutions..., appPackage: com.medkumo.healthsolutions, databaseEnabled: false, desired: {app: /home/terralogic/Downloads/..., appActivity: com.medkumo.healthsolutions..., appPackage: com.medkumo.healthsolutions, deviceName: 3300838e1b61b237, platformName: android, platformVersion: 6.0}, deviceManufacturer: samsung, deviceModel: SM-J700F, deviceName: 3300838e1b61b237, deviceScreenSize: 720x1280, deviceUDID: 3300838e1b61b237, javascriptEnabled: true, locationContextEnabled: false, networkConnectionEnabled: true, platform: LINUX, platformName: LINUX, platformVersion: 6.0.1, takesScreenshot: true, warnings: {}, webStorageEnabled: false}
Session ID: a32f9a0c-3ac1-4c30-933d-1aaade122779
*** Element info: {Using=id, value=com.medkumo.healthsolutions:id/bookAppointment}
at sun.reflect.NativeConstructorAccessorImpl.newInstance0(Native Method)
at sun.reflect.NativeConstructorAccessorImpl.newInstance(NativeConstructorAccessorImpl.java:62)
at sun.reflect.DelegatingConstructorAccessorImpl.newInstance(DelegatingConstructorAccessorImpl.java:45)
at java.lang.reflect.Constructor.newInstance(Constructor.java:423)
at org.openqa.selenium.remote.http.W3CHttpResponseCodec.createException(W3CHttpResponseCodec.java:187)
at org.openqa.selenium.remote.http.W3CHttpResponseCodec.decode(W3CHttpResponseCodec.java:122)
at org.openqa.selenium.remote.http.W3CHttpResponseCodec.decode(W3CHttpResponseCodec.java:49)
at org.openqa.selenium.remote.HttpCommandExecutor.execute(HttpCommandExecutor.java:158)
at io.appium.java_client.remote.AppiumCommandExecutor.execute(AppiumCommandExecutor.java:218)
at org.openqa.selenium.remote.RemoteWebDriver.execute(RemoteWebDriver.java:543)
at io.appium.java_client.DefaultGenericMobileDriver.execute(DefaultGenericMobileDriver.java:42)
at io.appium.java_client.AppiumDriver.execute(AppiumDriver.java:1)
at org.openqa.selenium.remote.RemoteWebDriver.findElement(RemoteWebDriver.java:317)
at io.appium.java_client.DefaultGenericMobileDriver.findElement(DefaultGenericMobileDriver.java:62)
at io.appium.java_client.AppiumDriver.findElement(AppiumDriver.java:1)
at org.openqa.selenium.remote.RemoteWebDriver.findElementById(RemoteWebDriver.java:363)
at io.appium.java_client.DefaultGenericMobileDriver.findElementById(DefaultGenericMobileDriver.java:70)
at io.appium.java_client.AppiumDriver.findElementById(AppiumDriver.java:1)
at org.openqa.selenium.By$ById.findElement(By.java:188)
at org.openqa.selenium.remote.RemoteWebDriver.findElement(RemoteWebDriver.java:309)
at io.appium.java_client.DefaultGenericMobileDriver.findElement(DefaultGenericMobileDriver.java:58)
at io.appium.java_client.AppiumDriver.findElement(AppiumDriver.java:1)
at com.yg.mobileTestcase.MedukoTestCase.checkNotificationBtn(MedukoTestCase.java:51)
at sun.reflect.NativeMethodAccessorImpl.invoke0(Native Method)
at sun.reflect.NativeMethodAccessorImpl.invoke(NativeMethodAccessorImpl.java:62)
at sun.reflect.DelegatingMethodAccessorImpl.invoke(DelegatingMethodAccessorImpl.java:43)
at java.lang.reflect.Method.invoke(Method.java:498)
at org.testng.internal.MethodInvocationHelper.invokeMethod(MethodInvocationHelper.java:124)
at org.testng.internal.Invoker.invokeMethod(Invoker.java:580)
at org.testng.internal.Invoker.invokeTestMethod(Invoker.java:716)
at org.testng.internal.Invoker.invokeTestMethods(Invoker.java:988)
at org.testng.internal.TestMethodWorker.invokeTestMethods(TestMethodWorker.java:125)
at org.testng.internal.TestMethodWorker.run(TestMethodWorker.java:109)
at org.testng.TestRunner.privateRun(TestRunner.java:648)
at org.testng.TestRunner.run(TestRunner.java:505)
at org.testng.SuiteRunner.runTest(SuiteRunner.java:455)
at org.testng.SuiteRunner.runSequentially(SuiteRunner.java:450)
at org.testng.SuiteRunner.privateRun(SuiteRunner.java:415)
at org.testng.SuiteRunner.run(SuiteRunner.java:364)
at org.testng.SuiteRunnerWorker.runSuite(SuiteRunnerWorker.java:52)
at org.testng.SuiteRunnerWorker.run(SuiteRunnerWorker.java:84)
at org.testng.TestNG.runSuitesSequentially(TestNG.java:1208)
at org.testng.TestNG.runSuitesLocally(TestNG.java:1137)
at org.testng.TestNG.runSuites(TestNG.java:1049)
at org.testng.TestNG.run(TestNG.java:1017)
at org.testng.remote.AbstractRemoteTestNG.run(AbstractRemoteTestNG.java:114)
at org.testng.remote.RemoteTestNG.initAndRun(RemoteTestNG.java:251)
at org.testng.remote.RemoteTestNG.main(RemoteTestNG.java:77)
]]>
            </full-stacktrace>
          </exception> <!-- org.openqa.selenium.NoSuchElementException -->
          <reporter-output>
          </reporter-output>
        </test-method> <!-- checkNotificationBtn -->
        <test-method status="PASS" signature="logIn()[pri:0, instance:com.yg.mobileTestcase.MedukoTestCase@3712b94]" name="logIn" duration-ms="36054" started-at="2019-01-01T12:29:40Z" finished-at="2019-01-01T12:30:16Z">
          <reporter-output>
          </reporter-output>
        </test-method> <!-- logIn -->
      </class> <!-- com.yg.mobileTestcase.MedukoTestCase -->
    </test> <!-- Default test -->
  </suite> <!-- Default suite -->
</testng-results>
